TN:
SF:assets\js\utils.js
FN:7,moneyFormat
FN:13,isExpired
FN:19,daysToExpire
FN:31,checkImageExists
FN:40,getFileHash
FN:46,setContentSecurityPolicy
FNF:6
FNH:5
FNDA:2,moneyFormat
FNDA:3,isExpired
FNDA:3,daysToExpire
FNDA:2,checkImageExists
FNDA:1,getFileHash
FNDA:0,setContentSecurityPolicy
DA:1,1
DA:2,1
DA:3,1
DA:4,1
DA:5,1
DA:6,1
DA:7,1
DA:8,2
DA:9,2
DA:10,1
DA:11,1
DA:12,1
DA:13,1
DA:14,3
DA:15,3
DA:16,3
DA:17,3
DA:18,1
DA:19,1
DA:20,3
DA:21,3
DA:22,3
DA:23,3
DA:24,2
DA:25,2
DA:26,1
DA:27,1
DA:28,1
DA:29,1
DA:30,1
DA:31,1
DA:32,2
DA:33,2
DA:34,2
DA:35,2
DA:36,1
DA:37,1
DA:38,2
DA:39,1
DA:40,1
DA:41,1
DA:42,1
DA:43,1
DA:44,1
DA:45,1
DA:46,1
DA:47,0
DA:48,0
DA:49,0
DA:50,0
DA:51,0
DA:52,0
DA:53,0
DA:54,0
DA:55,1
DA:56,1
DA:57,1
DA:58,1
DA:59,1
DA:60,1
DA:61,1
DA:62,1
DA:63,1
DA:64,1
LF:64
LH:56
BRDA:7,0,0,2
BRDA:13,1,0,3
BRDA:19,2,0,3
BRDA:23,3,0,2
BRDA:25,4,0,1
BRDA:31,5,0,2
BRDA:35,6,0,1
BRDA:40,7,0,1
BRF:8
BRH:8
end_of_record
